0 info it worked if it ends with ok
1 verbose cli [ 'C:\\Program Files\\nodejs\\node.exe',
1 verbose cli   'C:\\Program Files\\nodejs\\node_modules\\npm\\bin\\npm-cli.js',
1 verbose cli   'install',
1 verbose cli   'check_reqs',
1 verbose cli   '--save' ]
2 info using npm@2.15.8
3 info using node@v4.4.7
4 verbose install initial load of C:\Users\Jay\Desktop\angular\ionic\conFusion\package.json
5 warn package.json confusion@1.1.1 No repository field.
6 warn package.json confusion@1.1.1 No README data
7 warn package.json confusion@1.1.1 No license field.
8 verbose installManyTop reading scoped package data from C:\Users\Jay\Desktop\angular\ionic\conFusion\node_modules\bower\package.json
9 verbose installManyTop reading scoped package data from C:\Users\Jay\Desktop\angular\ionic\conFusion\node_modules\gulp\package.json
10 verbose installManyTop reading scoped package data from C:\Users\Jay\Desktop\angular\ionic\conFusion\node_modules\gulp-concat\package.json
11 verbose installManyTop reading scoped package data from C:\Users\Jay\Desktop\angular\ionic\conFusion\node_modules\gulp-minify-css\package.json
12 verbose installManyTop reading scoped package data from C:\Users\Jay\Desktop\angular\ionic\conFusion\node_modules\gulp-rename\package.json
13 verbose installManyTop reading scoped package data from C:\Users\Jay\Desktop\angular\ionic\conFusion\node_modules\gulp-sass\package.json
14 verbose installManyTop reading scoped package data from C:\Users\Jay\Desktop\angular\ionic\conFusion\node_modules\gulp-util\package.json
15 verbose installManyTop reading scoped package data from C:\Users\Jay\Desktop\angular\ionic\conFusion\node_modules\minimatch\package.json
16 verbose installManyTop reading scoped package data from C:\Users\Jay\Desktop\angular\ionic\conFusion\node_modules\properties-parser\package.json
17 verbose installManyTop reading scoped package data from C:\Users\Jay\Desktop\angular\ionic\conFusion\node_modules\q\package.json
18 verbose installManyTop reading scoped package data from C:\Users\Jay\Desktop\angular\ionic\conFusion\node_modules\sax\package.json
19 verbose installManyTop reading scoped package data from C:\Users\Jay\Desktop\angular\ionic\conFusion\node_modules\semver\package.json
20 verbose installManyTop reading scoped package data from C:\Users\Jay\Desktop\angular\ionic\conFusion\node_modules\shelljs\package.json
21 verbose installManyTop reading scoped package data from C:\Users\Jay\Desktop\angular\ionic\conFusion\node_modules\underscore\package.json
22 info package.json gulp-rename@1.2.2 No license field.
23 info package.json gulp-minify-css@0.3.13 No license field.
24 info package.json gulp-util@2.2.20 No license field.
25 info package.json q@1.4.1 license should be a valid SPDX license expression
26 info package.json shelljs@0.3.0 license should be a valid SPDX license expression
27 verbose readDependencies loading dependencies from C:\Users\Jay\Desktop\angular\ionic\conFusion\package.json
28 silly cache add args [ 'check_reqs', null ]
29 verbose cache add spec check_reqs
30 silly cache add parsed spec Result {
30 silly cache add   raw: 'check_reqs',
30 silly cache add   scope: null,
30 silly cache add   name: 'check_reqs',
30 silly cache add   rawSpec: '',
30 silly cache add   spec: 'latest',
30 silly cache add   type: 'tag' }
31 silly addNamed check_reqs@latest
32 verbose addNamed "latest" is being treated as a dist-tag for check_reqs
33 info addNameTag [ 'check_reqs', 'latest' ]
34 silly mapToRegistry name check_reqs
35 silly mapToRegistry using default registry
36 silly mapToRegistry registry https://registry.npmjs.org/
37 silly mapToRegistry data Result {
37 silly mapToRegistry   raw: 'check_reqs',
37 silly mapToRegistry   scope: null,
37 silly mapToRegistry   name: 'check_reqs',
37 silly mapToRegistry   rawSpec: '',
37 silly mapToRegistry   spec: 'latest',
37 silly mapToRegistry   type: 'tag' }
38 silly mapToRegistry uri https://registry.npmjs.org/check_reqs
39 verbose addNameTag registry:https://registry.npmjs.org/check_reqs not in flight; fetching
40 verbose request uri https://registry.npmjs.org/check_reqs
41 verbose request no auth needed
42 info attempt registry request try #1 at 3:22:57 AM
43 verbose request id de6b54aececaae6b
44 http request GET https://registry.npmjs.org/check_reqs
45 http 404 https://registry.npmjs.org/check_reqs
46 verbose headers { 'content-type': 'application/json',
46 verbose headers   'cache-control': 'max-age=0',
46 verbose headers   'content-length': '2',
46 verbose headers   'accept-ranges': 'bytes',
46 verbose headers   date: 'Sun, 18 Sep 2016 07:22:56 GMT',
46 verbose headers   via: '1.1 varnish',
46 verbose headers   age: '0',
46 verbose headers   connection: 'keep-alive',
46 verbose headers   'x-served-by': 'cache-jfk8136-JFK',
46 verbose headers   'x-cache': 'MISS',
46 verbose headers   'x-cache-hits': '0',
46 verbose headers   'x-timer': 'S1474183376.154368,VS0,VE101',
46 verbose headers   vary: 'Accept-Encoding' }
47 silly get cb [ 404,
47 silly get   { 'content-type': 'application/json',
47 silly get     'cache-control': 'max-age=0',
47 silly get     'content-length': '2',
47 silly get     'accept-ranges': 'bytes',
47 silly get     date: 'Sun, 18 Sep 2016 07:22:56 GMT',
47 silly get     via: '1.1 varnish',
47 silly get     age: '0',
47 silly get     connection: 'keep-alive',
47 silly get     'x-served-by': 'cache-jfk8136-JFK',
47 silly get     'x-cache': 'MISS',
47 silly get     'x-cache-hits': '0',
47 silly get     'x-timer': 'S1474183376.154368,VS0,VE101',
47 silly get     vary: 'Accept-Encoding' } ]
48 verbose stack Error: Registry returned 404 for GET on https://registry.npmjs.org/check_reqs
48 verbose stack     at makeError (C:\Program Files\nodejs\node_modules\npm\node_modules\npm-registry-client\lib\request.js:264:12)
48 verbose stack     at CachingRegistryClient.<anonymous> (C:\Program Files\nodejs\node_modules\npm\node_modules\npm-registry-client\lib\request.js:242:14)
48 verbose stack     at Request._callback (C:\Program Files\nodejs\node_modules\npm\node_modules\npm-registry-client\lib\request.js:172:14)
48 verbose stack     at Request.self.callback (C:\Program Files\nodejs\node_modules\npm\node_modules\request\request.js:200:22)
48 verbose stack     at emitTwo (events.js:87:13)
48 verbose stack     at Request.emit (events.js:172:7)
48 verbose stack     at Request.<anonymous> (C:\Program Files\nodejs\node_modules\npm\node_modules\request\request.js:1067:10)
48 verbose stack     at emitOne (events.js:82:20)
48 verbose stack     at Request.emit (events.js:169:7)
48 verbose stack     at IncomingMessage.<anonymous> (C:\Program Files\nodejs\node_modules\npm\node_modules\request\request.js:988:12)
49 verbose statusCode 404
50 verbose pkgid check_reqs
51 verbose cwd C:\Users\Jay\Desktop\angular\ionic\conFusion
52 error Windows_NT 10.0.14393
53 error argv "C:\\Program Files\\nodejs\\node.exe" "C:\\Program Files\\nodejs\\node_modules\\npm\\bin\\npm-cli.js" "install" "check_reqs" "--save"
54 error node v4.4.7
55 error npm  v2.15.8
56 error code E404
57 error 404 Registry returned 404 for GET on https://registry.npmjs.org/check_reqs
57 error 404
57 error 404 'check_reqs' is not in the npm registry.
57 error 404 You should bug the author to publish it (or use the name yourself!)
57 error 404 It was specified as a dependency of 'confusion'
57 error 404
57 error 404 Note that you can also install from a
57 error 404 tarball, folder, http url, or git url.
58 verbose exit [ 1, true ]
